[CodeBlockView] mermaid block 
Object { status: "streaming", codeLen: 0, first50: "" }
code-block.tsx:31:11
[MermaidDiagram] render attempt 
Object { token: 1, len: 7, first50: "pie tit", isIncomplete: true }
diagram.tsx:39:11
[MermaidDiagram] render FAIL 
Object { token: 1, stale: false, msg: "Parsing failed: Lexer error on line 1, column 5: unexpected character: ->t<- at offset: 4, skipped 3 characters. " }
diagram.tsx:58:12
[MermaidDiagram] render attempt 
Object { token: 2, len: 15, first50: "pie title Brows", isIncomplete: true }
diagram.tsx:39:11
[MermaidDiagram] render OK 
Object { token: 2, stale: false, svgLen: 2466 }
diagram.tsx:46:12
[MermaidDiagram] render attempt 
Object { token: 3, len: 23, first50: "pie title Browser marke", isIncomplete: true }
diagram.tsx:39:11
[MermaidDiagram] render OK 
Object { token: 3, stale: false, svgLen: 2474 }
diagram.tsx:46:12
[MermaidDiagram] render attempt 
Object { token: 4, len: 31, first50: "pie title Browser market share\n", isIncomplete: true }
diagram.tsx:39:11
[MermaidDiagram] render OK 
Object { token: 4, stale: false, svgLen: 2481 }
diagram.tsx:46:12
[MermaidDiagram] render attempt 
Object { token: 5, len: 39, first50: 'pie title Browser market share\n    "Chr', isIncomplete: true }
diagram.tsx:39:11
[MermaidDiagram] render FAIL 
Object { token: 5, stale: false, msg: 'Parsing failed: Lexer error on line 2, column 5: unexpected character: ->"<- at offset: 35, skipped 4 characters. ' }
diagram.tsx:58:12
[MermaidDiagram] render attempt 
Object { token: 6, len: 47, first50: 'pie title Browser market share\n    "Chrome" : 6', isIncomplete: true }
diagram.tsx:39:11
[MermaidDiagram] render OK 
Object { token: 6, stale: false, svgLen: 2915 }
diagram.tsx:46:12
[MermaidDiagram] render attempt 
Object { token: 7, len: 55, first50: 'pie title Browser market share\n    "Chrome" : 65\n ', isIncomplete: true }
diagram.tsx:39:11
[MermaidDiagram] render FAIL 
Object { token: 7, stale: false, msg: 'Parsing failed: Lexer error on line 3, column 5: unexpected character: ->"<- at offset: 53, skipped 2 characters. ' }
diagram.tsx:58:12
[MermaidDiagram] render attempt 
Object { token: 8, len: 63, first50: 'pie title Browser market share\n    "Chrome" : 65\n ', isIncomplete: true }
diagram.tsx:39:11
[MermaidDiagram] render FAIL 
Object { token: 8, stale: false, msg: "Parsing failed:  Parse error on line 3, column 15: Expecting token of type 'NUMBER_PIE' but found `\n`." }
diagram.tsx:58:12
[MermaidDiagram] render attempt 
Object { token: 9, len: 71, first50: 'pie title Browser market share\n    "Chrome" : 65\n ', isIncomplete: true }
diagram.tsx:39:11
[MermaidDiagram] render OK 
Object { token: 9, stale: false, svgLen: 3290 }
diagram.tsx:46:12
[MermaidDiagram] render attempt 
Object { token: 10, len: 79, first50: 'pie title Browser market share\n    "Chrome" : 65\n ', isIncomplete: true }
diagram.tsx:39:11
[MermaidDiagram] render FAIL 
Object { token: 10, stale: false, msg: 'Parsing failed: Lexer error on line 4, column 5: unexpected character: ->"<- at offset: 71, skipped 8 characters. ' }
diagram.tsx:58:12
[MermaidDiagram] render attempt 
Object { token: 11, len: 87, first50: 'pie title Browser market share\n    "Chrome" : 65\n ', isIncomplete: true }
diagram.tsx:39:11
[MermaidDiagram] render OK 
Object { token: 11, stale: false, svgLen: 3739 }
diagram.tsx:46:12
[MermaidDiagram] render attempt 
Object { token: 12, len: 95, first50: 'pie title Browser market share\n    "Chrome" : 65\n ', isIncomplete: true }
diagram.tsx:39:11
[MermaidDiagram] render FAIL 
Object { token: 12, stale: false, msg: "Parsing failed:  Parse error on line 5, column 11: Expecting token of type ':' but found `\n`." }
diagram.tsx:58:12
[MermaidDiagram] render attempt 
Object { token: 13, len: 103, first50: 'pie title Browser market share\n    "Chrome" : 65\n ', isIncomplete: true }
diagram.tsx:39:11
[MermaidDiagram] render OK 
Object { token: 13, stale: false, svgLen: 4165 }
diagram.tsx:46:12
[MermaidDiagram] render attempt 
Object { token: 14, len: 111, first50: 'pie title Browser market share\n    "Chrome" : 65\n ', isIncomplete: true }
diagram.tsx:39:11
[MermaidDiagram] render FAIL 
Object { token: 14, stale: false, msg: "Parsing failed:  Parse error on line 6, column 12: Expecting token of type ':' but found `\n`." }
diagram.tsx:58:12
[MermaidDiagram] render attempt 
Object { token: 15, len: 115, first50: 'pie title Browser market share\n    "Chrome" : 65\n ', isIncomplete: false }
diagram.tsx:39:11
[MermaidDiagram] render OK 
Object { token: 15, stale: false, svgLen: 4596 }
diagram.tsx:46:12
[CodeBlockView] mermaid block 
Object { status: "streaming", codeLen: 0, first50: "" }
code-block.tsx:31:11
[MermaidDiagram] render attempt 
Object { token: 1, len: 7, first50: "mindmap", isIncomplete: true }
diagram.tsx:39:11
[MermaidDiagram] render FAIL 
Object { token: 1, stale: false, msg: "Parse error on line 2:\nmindmap\n-------^\nExpecting 'SPACELINE', 'SPACELIST', 'ICON', 'CLASS', 'NODE_DSTART', 'NODE_ID', g" }
diagram.tsx:58:12
[MermaidDiagram] render attempt 
Object { token: 2, len: 15, first50: "mindmap\n  root(", isIncomplete: true }
diagram.tsx:39:11
[MermaidDiagram] render FAIL 
Object { token: 2, stale: false, msg: "Parse error on line 3:\nmindmap  root(\n--------------^\nExpecting 'NODE_DEND', got '1'" }
diagram.tsx:58:12
[MermaidDiagram] render attempt 
Object { token: 3, len: 23, first50: "mindmap\n  root((Velomar", isIncomplete: true }
diagram.tsx:39:11
[MermaidDiagram] render FAIL 
Object { token: 3, stale: false, msg: "Parse error on line 3:\n...map  root((Velomar\n---------------------^\nExpecting 'NODE_DEND', got '1'" }
diagram.tsx:58:12
[MermaidDiagram] render attempt 
Object { token: 4, len: 31, first50: "mindmap\n  root((Velomark))\n    ", isIncomplete: true }
diagram.tsx:39:11
[MermaidDiagram] render OK 
Object { token: 4, stale: false, svgLen: 16422 }
diagram.tsx:46:12
[MermaidDiagram] render attempt 
Object { token: 5, len: 39, first50: "mindmap\n  root((Velomark))\n    Features", isIncomplete: true }
diagram.tsx:39:11
[MermaidDiagram] render OK 
Object { token: 5, stale: false, svgLen: 18063 }
diagram.tsx:46:12
[MermaidDiagram] render attempt 
Object { token: 6, len: 47, first50: "mindmap\n  root((Velomark))\n    Features\n      S", isIncomplete: true }
diagram.tsx:39:11
[MermaidDiagram] render OK 
Object { token: 6, stale: false, svgLen: 19514 }
diagram.tsx:46:12
[MermaidDiagram] render attempt 
Object { token: 7, len: 55, first50: "mindmap\n  root((Velomark))\n    Features\n      Stre", isIncomplete: true }
diagram.tsx:39:11
[MermaidDiagram] render OK 
Object { token: 7, stale: false, svgLen: 19518 }
diagram.tsx:46:12
[MermaidDiagram] render attempt 
Object { token: 8, len: 63, first50: "mindmap\n  root((Velomark))\n    Features\n      Stre", isIncomplete: true }
diagram.tsx:39:11
[MermaidDiagram] render OK 
Object { token: 8, stale: false, svgLen: 21415 }
diagram.tsx:46:12
[MermaidDiagram] render attempt 
Object { token: 9, len: 71, first50: "mindmap\n  root((Velomark))\n    Features\n      Stre", isIncomplete: true }
diagram.tsx:39:11
[MermaidDiagram] render OK 
Object { token: 9, stale: false, svgLen: 21224 }
diagram.tsx:46:12
[MermaidDiagram] render attempt 
Object { token: 10, len: 79, first50: "mindmap\n  root((Velomark))\n    Features\n      Stre", isIncomplete: true }
diagram.tsx:39:11
[MermaidDiagram] render OK 
Object { token: 10, stale: false, svgLen: 21233 }
diagram.tsx:46:12
[MermaidDiagram] render attempt 
Object { token: 11, len: 87, first50: "mindmap\n  root((Velomark))\n    Features\n      Stre", isIncomplete: true }
diagram.tsx:39:11
[MermaidDiagram] render OK 
Object { token: 11, stale: false, svgLen: 22894 }
diagram.tsx:46:12
[MermaidDiagram] render attempt 
Object { token: 12, len: 94, first50: "mindmap\n  root((Velomark))\n    Features\n      Stre", isIncomplete: true }
diagram.tsx:39:11
[MermaidDiagram] render OK 
Object { token: 12, stale: false, svgLen: 22903 }
diagram.tsx:46:12
[MermaidDiagram] render attempt 
Object { token: 13, len: 103, first50: "mindmap\n  root((Velomark))\n    Features\n      Stre", isIncomplete: true }
diagram.tsx:39:11
[MermaidDiagram] render OK 
Object { token: 13, stale: false, svgLen: 24790 }
diagram.tsx:46:12
[MermaidDiagram] render attempt 
Object { token: 14, len: 111, first50: "mindmap\n  root((Velomark))\n    Features\n      Stre", isIncomplete: true }
diagram.tsx:39:11
[MermaidDiagram] render OK 
Object { token: 14, stale: false, svgLen: 26245 }
diagram.tsx:46:12
[MermaidDiagram] render attempt 
Object { token: 15, len: 119, first50: "mindmap\n  root((Velomark))\n    Features\n      Stre", isIncomplete: true }
diagram.tsx:39:11
[MermaidDiagram] render OK 
Object { token: 15, stale: false, svgLen: 26058 }
diagram.tsx:46:12
[MermaidDiagram] render attempt 
Object { token: 16, len: 127, first50: "mindmap\n  root((Velomark))\n    Features\n      Stre", isIncomplete: true }
diagram.tsx:39:11
[MermaidDiagram] render OK 
Object { token: 16, stale: false, svgLen: 28124 }
diagram.tsx:46:12
[MermaidDiagram] render attempt 
Object { token: 17, len: 135, first50: "mindmap\n  root((Velomark))\n    Features\n      Stre", isIncomplete: true }
diagram.tsx:39:11
[MermaidDiagram] render OK 
Object { token: 17, stale: false, svgLen: 29785 }
diagram.tsx:46:12
[MermaidDiagram] render attempt 
Object { token: 18, len: 143, first50: "mindmap\n  root((Velomark))\n    Features\n      Stre", isIncomplete: true }
diagram.tsx:39:11
[MermaidDiagram] render OK 
Object { token: 18, stale: false, svgLen: 29583 }
diagram.tsx:46:12
[MermaidDiagram] render attempt 
Object { token: 19, len: 151, first50: "mindmap\n  root((Velomark))\n    Features\n      Stre", isIncomplete: true }
diagram.tsx:39:11
[MermaidDiagram] render OK 
Object { token: 19, stale: false, svgLen: 31453 }
diagram.tsx:46:12
[MermaidDiagram] render attempt 
Object { token: 20, len: 154, first50: "mindmap\n  root((Velomark))\n    Features\n      Stre", isIncomplete: false }
diagram.tsx:39:11
[MermaidDiagram] render OK 
Object { token: 20, stale: false, svgLen: 31361 }
diagram.tsx:46:12
